<?xml version="1.0" encoding="UTF-8"?>
<!-- Generated by org.testng.reporters.JUnitReportReporter -->
<testsuite hostname="LOVEPREET-LAPTOP" failures="0" tests="1" name="testcases.rough" time="5.698" errors="0" timestamp="2023-09-30T10:37:07 IST" skipped="0">
  <testcase classname="testcases.rough" name="dorough" time="5.698"/>
  <system-out/>
</testsuite> <!-- testcases.rough -->
