<?xml version="1.0" encoding="UTF-8"?>
<!-- Generated by org.testng.reporters.JUnitReportReporter -->
<testsuite hostname="LOVEPREET-LAPTOP" failures="0" tests="3" name="testcases.LogOut" time="0.001" errors="0" timestamp="2023-10-06T20:33:18 IST" skipped="3">
  <testcase classname="testcases.LogOut" name="LogOutCheck" time="0.001">
    <skipped/>
  </testcase> <!-- LogOutCheck -->
  <system-out/>
  <testcase classname="testcases.LogOut" name="LogOutCheck" time="0.000">
    <skipped/>
  </testcase> <!-- LogOutCheck -->
  <system-out/>
  <testcase classname="testcases.LogOut" name="LogOutCheck" time="0.000">
    <skipped/>
  </testcase> <!-- LogOutCheck -->
  <system-out/>
</testsuite> <!-- testcases.LogOut -->
