<?xml version="1.0" encoding="UTF-8"?>
<!-- Generated by org.testng.reporters.JUnitReportReporter -->
<testsuite hostname="LOVEPREET-LAPTOP" failures="0" tests="2" name="testcases.LoginTest" time="60.226" errors="0" timestamp="2023-10-06T20:33:18 IST" skipped="0">
  <testcase classname="testcases.LoginTest" name="Login" time="30.123"/>
  <system-out/>
  <testcase classname="testcases.LoginTest" name="Login" time="30.103"/>
  <system-out/>
</testsuite> <!-- testcases.LoginTest -->
