<?xml version="1.0" encoding="UTF-8"?>
<!-- Generated by org.testng.reporters.JUnitReportReporter -->
<testsuite hostname="LOVEPREET-LAPTOP" failures="0" tests="7" name="testcases.SignUpTest" time="22.378" errors="0" timestamp="2023-10-05T18:30:48 IST" skipped="0">
  <testcase classname="testcases.SignUpTest" name="signUp_Selction" time="0.402"/>
  <system-out/>
  <testcase classname="testcases.SignUpTest" name="signUpDetails" time="11.013"/>
  <system-out/>
  <testcase classname="testcases.SignUpTest" name="joiningAs_Selction" time="1.239"/>
  <system-out/>
  <testcase classname="testcases.SignUpTest" name="enjoyDoing_Selection" time="3.048"/>
  <system-out/>
  <testcase classname="testcases.SignUpTest" name="motivates_Selection" time="2.397"/>
  <system-out/>
  <testcase classname="testcases.SignUpTest" name="photo_Selection" time="2.227"/>
  <system-out/>
  <testcase classname="testcases.SignUpTest" name="career_Selection" time="2.052"/>
  <system-out/>
</testsuite> <!-- testcases.SignUpTest -->
