<?xml version="1.0" encoding="UTF-8"?>
<!-- Generated by org.testng.reporters.JUnitReportReporter -->
<testsuite hostname="LOVEPREET-LAPTOP" failures="0" tests="4" name="testcases.Assignment2" time="27.111" errors="0" timestamp="2023-10-01T11:04:40 IST" skipped="0">
  <testcase classname="testcases.Assignment2" name="CareerPageCheck" time="0.182"/>
  <system-out/>
  <testcase classname="testcases.Assignment2" name="InspirationPathCheck" time="19.994"/>
  <system-out/>
  <testcase classname="testcases.Assignment2" name="UpdateCheck" time="1.919"/>
  <system-out/>
  <testcase classname="testcases.Assignment2" name="RecentlyViewCheck" time="5.016"/>
  <system-out/>
</testsuite> <!-- testcases.Assignment2 -->
