<?xml version="1.0" encoding="UTF-8"?>
<!-- Generated by org.testng.reporters.JUnitReportReporter -->
<testsuite hostname="LOVEPREET-LAPTOP" failures="0" tests="4" name="testcases.Assignment2" time="31.823" errors="0" timestamp="2023-10-01T12:55:49 IST" skipped="0">
  <testcase classname="testcases.Assignment2" name="CareerPageCheck" time="0.273"/>
  <system-out/>
  <testcase classname="testcases.Assignment2" name="InspirationPathCheck" time="23.233"/>
  <system-out/>
  <testcase classname="testcases.Assignment2" name="UpdateCheck" time="3.010"/>
  <system-out/>
  <testcase classname="testcases.Assignment2" name="RecentlyViewCheck" time="5.307"/>
  <system-out/>
</testsuite> <!-- testcases.Assignment2 -->
