<?xml version="1.0" encoding="UTF-8"?>
<!-- Generated by org.testng.reporters.JUnitReportReporter -->
<testsuite hostname="LOVEPREET-LAPTOP" failures="0" tests="1" name="testcases.LogOut" time="7.920" errors="0" timestamp="2023-10-05T13:01:28 IST" skipped="0">
  <testcase classname="testcases.LogOut" name="LogOutCheck" time="7.920"/>
  <system-out/>
</testsuite> <!-- testcases.LogOut -->
