<?xml version="1.0" encoding="UTF-8"?>
<!-- Generated by org.testng.reporters.JUnitReportReporter -->
<testsuite hostname="LOVEPREET-LAPTOP" failures="0" tests="2" name="testcases.LogOut" time="9.656" errors="0" timestamp="2023-10-01T11:04:40 IST" skipped="0">
  <testcase classname="testcases.LogOut" name="LogOutCheck" time="4.824"/>
  <system-out/>
  <testcase classname="testcases.LogOut" name="LogOutCheck" time="4.832"/>
  <system-out/>
</testsuite> <!-- testcases.LogOut -->
