<?xml version="1.0" encoding="UTF-8"?>
<!-- Generated by org.testng.reporters.JUnitReportReporter -->
<testsuite hostname="LOVEPREET-LAPTOP" failures="0" tests="2" name="testcases.LogOut" time="71.773" errors="0" timestamp="2023-10-05T18:30:48 IST" skipped="0">
  <testcase classname="testcases.LogOut" name="LogOutCheck" time="25.770"/>
  <system-out/>
  <testcase classname="testcases.LogOut" name="LogOutCheck" time="46.003"/>
  <system-out/>
</testsuite> <!-- testcases.LogOut -->
