<?xml version="1.0" encoding="UTF-8"?>
<!-- Generated by org.testng.reporters.JUnitReportReporter -->
<testsuite hostname="LOVEPREET-LAPTOP" failures="0" tests="1" name="testcases.SignUpTest" time="30.776" errors="0" timestamp="2023-09-27T22:55:08 IST" skipped="0">
  <testcase classname="testcases.SignUpTest" name="doRegistration" time="30.776"/>
  <system-out/>
</testsuite> <!-- testcases.SignUpTest -->
