<?xml version="1.0" encoding="UTF-8"?>
<!-- Generated by org.testng.reporters.JUnitReportReporter -->
<testsuite hostname="LOVEPREET-LAPTOP" failures="0" tests="7" name="testcases.SignUpTest" time="28.135" errors="0" timestamp="2023-10-05T13:01:28 IST" skipped="0">
  <testcase classname="testcases.SignUpTest" name="signUp_Selction" time="4.221"/>
  <system-out/>
  <testcase classname="testcases.SignUpTest" name="signUpDetails" time="12.391"/>
  <system-out/>
  <testcase classname="testcases.SignUpTest" name="joiningAs_Selction" time="1.282"/>
  <system-out/>
  <testcase classname="testcases.SignUpTest" name="enjoyDoing_Selection" time="3.052"/>
  <system-out/>
  <testcase classname="testcases.SignUpTest" name="motivates_Selection" time="2.371"/>
  <system-out/>
  <testcase classname="testcases.SignUpTest" name="photo_Selection" time="2.601"/>
  <system-out/>
  <testcase classname="testcases.SignUpTest" name="career_Selection" time="2.217"/>
  <system-out/>
</testsuite> <!-- testcases.SignUpTest -->
