<?xml version="1.0" encoding="UTF-8"?>
<!-- Generated by org.testng.reporters.JUnitReportReporter -->
<testsuite hostname="LOVEPREET-LAPTOP" failures="0" tests="2" name="testcases.LogOut" time="11.368" errors="0" timestamp="2023-10-01T12:55:49 IST" skipped="0">
  <testcase classname="testcases.LogOut" name="LogOutCheck" time="5.256"/>
  <system-out/>
  <testcase classname="testcases.LogOut" name="LogOutCheck" time="6.112"/>
  <system-out/>
</testsuite> <!-- testcases.LogOut -->
