<?xml version="1.0" encoding="UTF-8"?>
<!-- Generated by org.testng.reporters.JUnitReportReporter -->
<testsuite hostname="LOVEPREET-LAPTOP" failures="0" tests="7" name="testcases.SignUpTest" time="27.108" errors="0" timestamp="2023-10-04T23:28:48 IST" skipped="0">
  <testcase classname="testcases.SignUpTest" name="signUp_Selction" time="2.708"/>
  <system-out/>
  <testcase classname="testcases.SignUpTest" name="signUpDetails" time="12.585"/>
  <system-out/>
  <testcase classname="testcases.SignUpTest" name="joiningAs_Selction" time="1.320"/>
  <system-out/>
  <testcase classname="testcases.SignUpTest" name="enjoyDoing_Selection" time="3.326"/>
  <system-out/>
  <testcase classname="testcases.SignUpTest" name="motivates_Selection" time="2.681"/>
  <system-out/>
  <testcase classname="testcases.SignUpTest" name="photo_Selection" time="2.244"/>
  <system-out/>
  <testcase classname="testcases.SignUpTest" name="career_Selection" time="2.244"/>
  <system-out/>
</testsuite> <!-- testcases.SignUpTest -->
