<?xml version="1.0" encoding="UTF-8"?>
<!-- Generated by org.testng.reporters.JUnitReportReporter -->
<testsuite hostname="LOVEPREET-LAPTOP" failures="0" tests="2" name="testcases.LoginTest" time="12.608" errors="0" timestamp="2023-10-01T12:55:49 IST" skipped="0">
  <testcase classname="testcases.LoginTest" name="Login" time="6.737"/>
  <system-out/>
  <testcase classname="testcases.LoginTest" name="Login" time="5.871"/>
  <system-out/>
</testsuite> <!-- testcases.LoginTest -->
