<?xml version="1.0" encoding="UTF-8"?>
<!-- Generated by org.testng.reporters.JUnitReportReporter -->
<testsuite hostname="LOVEPREET-LAPTOP" failures="0" tests="2" name="testcases.LoginTest" time="12.556" errors="0" timestamp="2023-10-01T11:04:40 IST" skipped="0">
  <testcase classname="testcases.LoginTest" name="Login" time="7.986"/>
  <system-out/>
  <testcase classname="testcases.LoginTest" name="Login" time="4.570"/>
  <system-out/>
</testsuite> <!-- testcases.LoginTest -->
