<?xml version="1.0" encoding="UTF-8"?>
<!-- Generated by org.testng.reporters.JUnitReportReporter -->
<testsuite hostname="LOVEPREET-LAPTOP" failures="0" tests="5" name="testcases.Assignment1" time="37.206" errors="0" timestamp="2023-10-01T12:55:49 IST" skipped="0">
  <testcase classname="testcases.Assignment1" name="HomePageCheck" time="0.495"/>
  <system-out/>
  <testcase classname="testcases.Assignment1" name="JobsPageCheck" time="4.251"/>
  <system-out/>
  <testcase classname="testcases.Assignment1" name="AskQuestionCheck" time="22.813"/>
  <system-out/>
  <testcase classname="testcases.Assignment1" name="InboxPageCheck" time="4.966"/>
  <system-out/>
  <testcase classname="testcases.Assignment1" name="RecrtuierPageCheck" time="4.681"/>
  <system-out/>
</testsuite> <!-- testcases.Assignment1 -->
