<?xml version="1.0" encoding="UTF-8"?>
<!-- Generated by org.testng.reporters.JUnitReportReporter -->
<testsuite hostname="LOVEPREET-LAPTOP" failures="0" tests="1" name="testcases.LoginTest" time="5.795" errors="0" timestamp="2023-10-05T18:30:48 IST" skipped="0">
  <testcase classname="testcases.LoginTest" name="Login" time="5.795"/>
  <system-out/>
</testsuite> <!-- testcases.LoginTest -->
