<?xml version="1.0" encoding="UTF-8"?>
<!-- Generated by org.testng.reporters.JUnitReportReporter -->
<testsuite hostname="LOVEPREET-LAPTOP" failures="0" tests="5" name="testcases.Assignment1" time="40.739" errors="0" timestamp="2023-10-04T23:28:48 IST" skipped="0">
  <testcase classname="testcases.Assignment1" name="HomePageCheck" time="0.221"/>
  <system-out/>
  <testcase classname="testcases.Assignment1" name="AskQuestionCheck" time="26.185"/>
  <system-out/>
  <testcase classname="testcases.Assignment1" name="JobsPageCheck" time="4.075"/>
  <system-out/>
  <testcase classname="testcases.Assignment1" name="InboxPageCheck" time="5.749"/>
  <system-out/>
  <testcase classname="testcases.Assignment1" name="RecrtuierPageCheck" time="4.509"/>
  <system-out/>
</testsuite> <!-- testcases.Assignment1 -->
