<?xml version="1.0" encoding="UTF-8"?>
<!-- Generated by org.testng.reporters.JUnitReportReporter -->
<testsuite hostname="LOVEPREET-LAPTOP" failures="0" tests="4" name="testcases.Assignment2" time="31.292" errors="0" timestamp="2023-10-04T23:28:48 IST" skipped="0">
  <testcase classname="testcases.Assignment2" name="CareerPageCheck" time="0.295"/>
  <system-out/>
  <testcase classname="testcases.Assignment2" name="InspirationPathCheck" time="21.721"/>
  <system-out/>
  <testcase classname="testcases.Assignment2" name="UpdateCheck" time="3.236"/>
  <system-out/>
  <testcase classname="testcases.Assignment2" name="RecentlyViewCheck" time="6.040"/>
  <system-out/>
</testsuite> <!-- testcases.Assignment2 -->
