<?xml version="1.0" encoding="UTF-8"?>
<!-- Generated by org.testng.reporters.JUnitReportReporter -->
<testsuite hostname="LOVEPREET-LAPTOP" failures="0" tests="3" name="testcases.LogOut" time="25.852" errors="0" timestamp="2023-10-04T23:28:48 IST" skipped="0">
  <testcase classname="testcases.LogOut" name="LogOutCheck" time="6.843"/>
  <system-out/>
  <testcase classname="testcases.LogOut" name="LogOutCheck" time="5.558"/>
  <system-out/>
  <testcase classname="testcases.LogOut" name="LogOutCheck" time="13.451"/>
  <system-out/>
</testsuite> <!-- testcases.LogOut -->
