<?xml version="1.0" encoding="UTF-8"?>
<!-- Generated by org.testng.reporters.JUnitReportReporter -->
<testsuite hostname="LOVEPREET-LAPTOP" failures="0" tests="4" name="testcases.Assignment2" time="17.175" errors="0" timestamp="2023-10-05T18:30:48 IST" skipped="0">
  <testcase classname="testcases.Assignment2" name="CareerPageCheck" time="0.104"/>
  <system-out/>
  <testcase classname="testcases.Assignment2" name="InspirationPathCheck" time="9.956"/>
  <system-out/>
  <testcase classname="testcases.Assignment2" name="UpdateCheck" time="2.295"/>
  <system-out/>
  <testcase classname="testcases.Assignment2" name="RecentlyViewCheck" time="4.820"/>
  <system-out/>
</testsuite> <!-- testcases.Assignment2 -->
