<?xml version="1.0" encoding="UTF-8"?>
<!-- Generated by org.testng.reporters.JUnitReportReporter -->
<testsuite hostname="LOVEPREET-LAPTOP" failures="0" tests="5" name="testcases.Assignment1" time="126.346" errors="0" timestamp="2023-10-01T11:04:40 IST" skipped="0">
  <testcase classname="testcases.Assignment1" name="HomePageCheck" time="0.114"/>
  <system-out/>
  <testcase classname="testcases.Assignment1" name="AskQuestionCheck" time="112.738"/>
  <system-out/>
  <testcase classname="testcases.Assignment1" name="JobsPageCheck" time="3.253"/>
  <system-out/>
  <testcase classname="testcases.Assignment1" name="InboxPageCheck" time="4.475"/>
  <system-out/>
  <testcase classname="testcases.Assignment1" name="RecrtuierPageCheck" time="5.766"/>
  <system-out/>
</testsuite> <!-- testcases.Assignment1 -->
